01-Jul-22 17:18:05 - INFO - El usuario ha salido correctamente mari
01-Jul-22 17:18:23 - INFO - El usuario ha accedido correctamente ram
01-Jul-22 17:19:11 - INFO - El usuario ha subido una tarea Alumno object (1)
01-Jul-22 17:21:28 - INFO - El usuario ha subido una tarea Alumno object (1)
01-Jul-22 17:34:42 - INFO - El usuario ha salido correctamente ram
01-Jul-22 17:35:11 - INFO - El usuario ha accedido correctamente mari
01-Jul-22 17:35:27 - INFO - El usuario ha salido correctamente mari
01-Jul-22 17:35:43 - INFO - El usuario ha accedido correctamente mari
01-Jul-22 17:35:46 - WARNING - Not Found: /favicon.ico
01-Jul-22 17:36:31 - WARNING - Not Found: /favicon.ico
01-Jul-22 17:37:28 - WARNING - Not Found: /favicon.ico
01-Jul-22 17:40:24 - INFO - El maestro Maestro object (2) ha creado la tarea Tarea1
01-Jul-22 17:42:00 - INFO - El usuario ha salido correctamente mari
01-Jul-22 17:42:15 - INFO - El usuario ha accedido correctamente ram
01-Jul-22 17:42:59 - INFO - El usuario ha subido una tarea Alumno object (1)
01-Jul-22 17:43:36 - INFO - El usuario ha subido una tarea Alumno object (1)
01-Jul-22 17:44:39 - INFO - El usuario ha subido una tarea Alumno object (1)
01-Jul-22 17:45:50 - INFO - El usuario ha salido correctamente ram
01-Jul-22 17:46:13 - INFO - El usuario ha accedido correctamente mari
01-Jul-22 17:47:12 - INFO - El maestro Maestro object (2) ha creado la tarea Tarea 2
01-Jul-22 17:47:26 - INFO - El usuario ha salido correctamente mari
01-Jul-22 17:47:44 - INFO - El usuario ha accedido correctamente ram
01-Jul-22 17:48:16 - INFO - El usuario ha subido una tarea Alumno object (1)
01-Jul-22 17:54:11 - INFO - El usuario ha salido correctamente ram
01-Jul-22 17:54:27 - INFO - El usuario ha accedido correctamente mari
01-Jul-22 17:55:08 - INFO - El maestro Maestro object (2) ha creado la tarea Tarea 3
01-Jul-22 17:55:12 - INFO - El usuario ha salido correctamente mari
01-Jul-22 17:55:24 - INFO - El usuario ha accedido correctamente ram
01-Jul-22 17:55:48 - INFO - El usuario ha subido una tarea Alumno object (1)
01-Jul-22 17:56:38 - INFO - El usuario ha subido una tarea Alumno object (1)
01-Jul-22 18:03:41 - INFO - El usuario ha subido una tarea Alumno object (1)
01-Jul-22 18:04:08 - INFO - El usuario ha subido una tarea Alumno object (1)
01-Jul-22 18:04:08 - ERROR - Internal Server Error: /subir_tarea/
01-Jul-22 18:06:45 - INFO - El usuario ha subido una tarea Alumno object (1)
01-Jul-22 18:08:40 - INFO - El usuario ha subido una tarea Alumno object (1)
01-Jul-22 18:08:58 - INFO - El usuario ha subido una tarea Alumno object (1)
01-Jul-22 18:09:16 - INFO - El usuario ha salido correctamente ram
01-Jul-22 18:09:31 - INFO - El usuario ha accedido correctamente mari
01-Jul-22 18:19:02 - INFO - El usuario ha salido correctamente mari
01-Jul-22 18:19:19 - INFO - El usuario ha accedido correctamente ram
01-Jul-22 18:21:02 - INFO - El usuario ha subido una tarea Alumno object (1)
01-Jul-22 18:22:55 - INFO - El usuario ha subido una tarea Alumno object (1)
01-Jul-22 18:24:56 - INFO - El usuario ha subido una tarea Alumno object (1)
01-Jul-22 18:25:40 - INFO - El usuario ha subido una tarea Alumno object (1)
01-Jul-22 18:31:42 - INFO - El usuario ha subido una tarea Alumno object (1)
01-Jul-22 18:35:04 - INFO - El usuario ha subido una tarea Alumno object (1)
